<?xml version="1.0" encoding="UTF-8"?>
<!-- Generated by org.testng.reporters.JUnitReportReporter -->
<testsuite hostname="sys" name="testCases.LoginTest" tests="1" failures="0" timestamp="18 Apr 2016 01:10:25 GMT" time="0.976" errors="0">
  <testcase name="doLogin" time="0.976" classname="testCases.LoginTest"/>
</testsuite> <!-- testCases.LoginTest -->
