<?xml version="1.0" encoding="UTF-8"?>
<!-- Generated by org.testng.reporters.JUnitReportReporter -->
<testsuite hostname="sys" name="testCases.LoginTest" tests="1" failures="0" timestamp="18 Apr 2016 04:14:18 GMT" time="4.826" errors="0">
  <testcase name="doLogin" time="4.826" classname="testCases.LoginTest"/>
</testsuite> <!-- testCases.LoginTest -->
